
> wexagonal@0.0.0 build:cfworker
> webpack --config ./build/CloudFlareWorker.config.js

directory-name 👉️ C:\Users\PCUSER\Documents\Code works\Wexagonal\build
assets by status 2.13 MiB [1m[32m[cached][39m[22m 1 asset
orphan modules 388 KiB [1m[33m[orphan][39m[22m 16 modules
runtime modules 891 bytes 4 modules
javascript modules 1.98 MiB
  modules by path [1m./node_modules/mongodb/lib/[39m[22m 764 KiB 97 modules
  modules by path [1m./node_modules/crypto-js/*.js[39m[22m 208 KiB 35 modules
  modules by path [1m./node_modules/whatwg-url/[39m[22m 82.4 KiB 13 modules
  modules by path [1m./node_modules/socks/build/[39m[22m 49.9 KiB 6 modules
  modules by path [1m./node_modules/tr46/[39m[22m 72.1 KiB 3 modules
  modules by path [1m./node_modules/saslprep/[39m[22m 4.81 KiB 2 modules
  modules by path [1m./node_modules/mongodb-connection-string-url/lib/*.js[39m[22m 10.9 KiB 2 modules
  modules by path [1m./node_modules/smart-buffer/build/*.js[39m[22m 47.6 KiB 2 modules
  + 14 modules
json modules 129 KiB
  [1m./node_modules/mongodb/package.json[39m[22m 3.97 KiB [1m[33m[built][39m[22m [1m[33m[code generated][39m[22m
  [1m./node_modules/tr46/lib/mappingTable.json[39m[22m 125 KiB [1m[33m[built][39m[22m [1m[33m[code generated][39m[22m

[1m[33mWARNING[39m[22m in [1m./node_modules/bson/dist/bson.browser.esm.js[39m[22m [1m[32m2175:30-59[39m[22m
[1mModule [1m[31mnot found[39m[22m[1m: [1m[31mError[39m[22m[1m: Can't resolve 'crypto' in 'C:\Users\PCUSER\Documents\Code works\Wexagonal\node_modules\bson\dist'

[1m[31mBREAKING CHANGE[39m[22m[1m: webpack < 5 used to include polyfills for node.js core modules by default.
This is no longer the case. Verify if you need this module and configure a polyfill for it.

If you want to include a polyfill, you need to:
	- add a fallback 'resolve.fallback: { "crypto": require.resolve("crypto-browserify") }'
	- install 'crypto-browserify'
If you don't want to include a polyfill, you can use an empty module like this:
	resolve.fallback: { "crypto": false }[39m[22m
 @ ./node_modules/mongodb/lib/bson.js 5:11-26 17:13-28
 @ ./node_modules/mongodb/lib/index.js 7:15-32 32:13-30
 @ ./utils/src/db/MONGODB.js 3:0-38 9:23-42
 @ ./utils/index.js 7:0-36 7:0-36
 @ ./api/CloudFlareWorker.js 1:0-61 12:20-26 14:30-36 20:15-17 22:15-19

[1m[33mWARNING[39m[22m in [1m./node_modules/mongodb/lib/bson.js[39m[22m [1m[32m8:11-30[39m[22m
[1mModule [1m[31mnot found[39m[22m[1m: [1m[31mError[39m[22m[1m: Can't resolve 'bson-ext' in 'C:\Users\PCUSER\Documents\Code works\Wexagonal\node_modules\mongodb\lib'[39m[22m
 @ ./node_modules/mongodb/lib/index.js 7:15-32 32:13-30
 @ ./utils/src/db/MONGODB.js 3:0-38 9:23-42
 @ ./utils/index.js 7:0-36 7:0-36
 @ ./api/CloudFlareWorker.js 1:0-61 12:20-26 14:30-36 20:15-17 22:15-19

[1m[33mWARNING[39m[22m in [1m./node_modules/mongodb/lib/deps.js[39m[22m [1m[32m24:4-42[39m[22m
[1mModule [1m[31mnot found[39m[22m[1m: [1m[31mError[39m[22m[1m: Can't resolve 'kerberos' in 'C:\Users\PCUSER\Documents\Code works\Wexagonal\node_modules\mongodb\lib'[39m[22m
 @ ./node_modules/mongodb/lib/index.js 94:13-30
 @ ./utils/src/db/MONGODB.js 3:0-38 9:23-42
 @ ./utils/index.js 7:0-36 7:0-36
 @ ./api/CloudFlareWorker.js 1:0-61 12:20-26 14:30-36 20:15-17 22:15-19

[1m[33mWARNING[39m[22m in [1m./node_modules/mongodb/lib/deps.js[39m[22m [1m[32m30:4-38[39m[22m
[1mModule [1m[31mnot found[39m[22m[1m: [1m[31mError[39m[22m[1m: Can't resolve 'snappy' in 'C:\Users\PCUSER\Documents\Code works\Wexagonal\node_modules\mongodb\lib'[39m[22m
 @ ./node_modules/mongodb/lib/index.js 94:13-30
 @ ./utils/src/db/MONGODB.js 3:0-38 9:23-42
 @ ./utils/index.js 7:0-36 7:0-36
 @ ./api/CloudFlareWorker.js 1:0-61 12:20-26 14:30-36 20:15-17 22:15-19

[1m[33mWARNING[39m[22m in [1m./node_modules/mongodb/lib/deps.js[39m[22m [1m[32m32:79-109[39m[22m
[1mModule [1m[31mnot found[39m[22m[1m: [1m[31mError[39m[22m[1m: Can't resolve 'snappy/package.json' in 'C:\Users\PCUSER\Documents\Code works\Wexagonal\node_modules\mongodb\lib'[39m[22m
 @ ./node_modules/mongodb/lib/index.js 94:13-30
 @ ./utils/src/db/MONGODB.js 3:0-38 9:23-42
 @ ./utils/index.js 7:0-36 7:0-36
 @ ./api/CloudFlareWorker.js 1:0-61 12:20-26 14:30-36 20:15-17 22:15-19

[1m[33mWARNING[39m[22m in [1m./node_modules/mongodb/lib/deps.js[39m[22m [1m[32m47:4-34[39m[22m
[1mModule [1m[31mnot found[39m[22m[1m: [1m[31mError[39m[22m[1m: Can't resolve 'aws4' in 'C:\Users\PCUSER\Documents\Code works\Wexagonal\node_modules\mongodb\lib'[39m[22m
 @ ./node_modules/mongodb/lib/index.js 94:13-30
 @ ./utils/src/db/MONGODB.js 3:0-38 9:23-42
 @ ./utils/index.js 7:0-36 7:0-36
 @ ./api/CloudFlareWorker.js 1:0-61 12:20-26 14:30-36 20:15-17 22:15-19

[1m[33mWARNING[39m[22m in [1m./node_modules/mongodb/lib/encrypter.js[39m[22m [1m[32m91:38-74[39m[22m
[1mModule [1m[31mnot found[39m[22m[1m: [1m[31mError[39m[22m[1m: Can't resolve 'mongodb-client-encryption' in 'C:\Users\PCUSER\Documents\Code works\Wexagonal\node_modules\mongodb\lib'[39m[22m
 @ ./node_modules/mongodb/lib/connection_string.js 11:20-42
 @ ./node_modules/mongodb/lib/mongo_client.js 6:28-58
 @ ./node_modules/mongodb/lib/index.js 22:23-48 100:21-46
 @ ./utils/src/db/MONGODB.js 3:0-38 9:23-42
 @ ./utils/index.js 7:0-36 7:0-36
 @ ./api/CloudFlareWorker.js 1:0-61 12:20-26 14:30-36 20:15-17 22:15-19

[1m[33mWARNING[39m[22m in [1mconfiguration
The [1m[31m'mode' option has not been set[39m[22m[1m, webpack will fallback to 'production' for this value.
[1m[32mSet 'mode' option to 'development' or 'production'[39m[22m[1m to enable defaults for each environment.
You can also set it to 'none' to disable any default behavior. Learn more: https://webpack.js.org/configuration/mode/[39m[22m

7 warnings have detailed information that is not shown.
Use 'stats.errorDetails: true' resp. '--stats-error-details' to show it.

[1m[31mERROR[39m[22m in [1m./node_modules/ip/lib/ip.js[39m[22m [1m[32m5:9-22[39m[22m
[1mModule [1m[31mnot found[39m[22m[1m: [1m[31mError[39m[22m[1m: Can't resolve 'os' in 'C:\Users\PCUSER\Documents\Code works\Wexagonal\node_modules\ip\lib'

[1m[31mBREAKING CHANGE[39m[22m[1m: webpack < 5 used to include polyfills for node.js core modules by default.
This is no longer the case. Verify if you need this module and configure a polyfill for it.

If you want to include a polyfill, you need to:
	- add a fallback 'resolve.fallback: { "os": require.resolve("os-browserify/browser") }'
	- install 'os-browserify'
If you don't want to include a polyfill, you can use an empty module like this:
	resolve.fallback: { "os": false }[39m[22m
 @ ./node_modules/socks/build/client/socksclient.js 15:11-24
 @ ./node_modules/socks/build/index.js 13:13-44
 @ ./node_modules/mongodb/lib/cmap/connect.js 5:16-32
 @ ./node_modules/mongodb/lib/sdam/monitor.js 5:18-44
 @ ./node_modules/mongodb/lib/sdam/server.js 13:18-38
 @ ./node_modules/mongodb/lib/sdam/topology.js 15:17-36
 @ ./node_modules/mongodb/lib/operations/connect.js 7:19-46
 @ ./node_modules/mongodb/lib/mongo_client.js 10:18-49
 @ ./node_modules/mongodb/lib/index.js 22:23-48 100:21-46
 @ ./utils/src/db/MONGODB.js 3:0-38 9:23-42
 @ ./utils/index.js 7:0-36 7:0-36
 @ ./api/CloudFlareWorker.js 1:0-61 12:20-26 14:30-36 20:15-17 22:15-19

[1m[31mERROR[39m[22m in [1m./node_modules/mongodb/lib/cmap/auth/gssapi.js[39m[22m [1m[32m4:12-26[39m[22m
[1mModule [1m[31mnot found[39m[22m[1m: [1m[31mError[39m[22m[1m: Can't resolve 'dns' in 'C:\Users\PCUSER\Documents\Code works\Wexagonal\node_modules\mongodb\lib\cmap\auth'[39m[22m
 @ ./node_modules/mongodb/lib/index.js 86:15-44
 @ ./utils/src/db/MONGODB.js 3:0-38 9:23-42
 @ ./utils/index.js 7:0-36 7:0-36
 @ ./api/CloudFlareWorker.js 1:0-61 12:20-26 14:30-36 20:15-17 22:15-19

[1m[31mERROR[39m[22m in [1m./node_modules/mongodb/lib/cmap/auth/mongocr.js[39m[22m [1m[32m4:15-32[39m[22m
[1mModule [1m[31mnot found[39m[22m[1m: [1m[31mError[39m[22m[1m: Can't resolve 'crypto' in 'C:\Users\PCUSER\Documents\Code works\Wexagonal\node_modules\mongodb\lib\cmap\auth'

[1m[31mBREAKING CHANGE[39m[22m[1m: webpack < 5 used to include polyfills for node.js core modules by default.
This is no longer the case. Verify if you need this module and configure a polyfill for it.

If you want to include a polyfill, you need to:
	- add a fallback 'resolve.fallback: { "crypto": require.resolve("crypto-browserify") }'
	- install 'crypto-browserify'
If you don't want to include a polyfill, you can use an empty module like this:
	resolve.fallback: { "crypto": false }[39m[22m
 @ ./node_modules/mongodb/lib/cmap/connect.js 13:18-43
 @ ./node_modules/mongodb/lib/sdam/monitor.js 5:18-44
 @ ./node_modules/mongodb/lib/sdam/server.js 13:18-38
 @ ./node_modules/mongodb/lib/sdam/topology.js 15:17-36
 @ ./node_modules/mongodb/lib/operations/connect.js 7:19-46
 @ ./node_modules/mongodb/lib/mongo_client.js 10:18-49
 @ ./node_modules/mongodb/lib/index.js 22:23-48 100:21-46
 @ ./utils/src/db/MONGODB.js 3:0-38 9:23-42
 @ ./utils/index.js 7:0-36 7:0-36
 @ ./api/CloudFlareWorker.js 1:0-61 12:20-26 14:30-36 20:15-17 22:15-19

[1m[31mERROR[39m[22m in [1m./node_modules/mongodb/lib/cmap/auth/mongodb_aws.js[39m[22m [1m[32m4:15-32[39m[22m
[1mModule [1m[31mnot found[39m[22m[1m: [1m[31mError[39m[22m[1m: Can't resolve 'crypto' in 'C:\Users\PCUSER\Documents\Code works\Wexagonal\node_modules\mongodb\lib\cmap\auth'

[1m[31mBREAKING CHANGE[39m[22m[1m: webpack < 5 used to include polyfills for node.js core modules by default.
This is no longer the case. Verify if you need this module and configure a polyfill for it.

If you want to include a polyfill, you need to:
	- add a fallback 'resolve.fallback: { "crypto": require.resolve("crypto-browserify") }'
	- install 'crypto-browserify'
If you don't want to include a polyfill, you can use an empty module like this:
	resolve.fallback: { "crypto": false }[39m[22m
 @ ./node_modules/mongodb/lib/cmap/connect.js 14:22-51
 @ ./node_modules/mongodb/lib/sdam/monitor.js 5:18-44
 @ ./node_modules/mongodb/lib/sdam/server.js 13:18-38
 @ ./node_modules/mongodb/lib/sdam/topology.js 15:17-36
 @ ./node_modules/mongodb/lib/operations/connect.js 7:19-46
 @ ./node_modules/mongodb/lib/mongo_client.js 10:18-49
 @ ./node_modules/mongodb/lib/index.js 22:23-48 100:21-46
 @ ./utils/src/db/MONGODB.js 3:0-38 9:23-42
 @ ./utils/index.js 7:0-36 7:0-36
 @ ./api/CloudFlareWorker.js 1:0-61 12:20-26 14:30-36 20:15-17 22:15-19

[1m[31mERROR[39m[22m in [1m./node_modules/mongodb/lib/cmap/auth/mongodb_aws.js[39m[22m [1m[32m5:13-28[39m[22m
[1mModule [1m[31mnot found[39m[22m[1m: [1m[31mError[39m[22m[1m: Can't resolve 'http' in 'C:\Users\PCUSER\Documents\Code works\Wexagonal\node_modules\mongodb\lib\cmap\auth'

[1m[31mBREAKING CHANGE[39m[22m[1m: webpack < 5 used to include polyfills for node.js core modules by default.
This is no longer the case. Verify if you need this module and configure a polyfill for it.

If you want to include a polyfill, you need to:
	- add a fallback 'resolve.fallback: { "http": require.resolve("stream-http") }'
	- install 'stream-http'
If you don't want to include a polyfill, you can use an empty module like this:
	resolve.fallback: { "http": false }[39m[22m
 @ ./node_modules/mongodb/lib/cmap/connect.js 14:22-51
 @ ./node_modules/mongodb/lib/sdam/monitor.js 5:18-44
 @ ./node_modules/mongodb/lib/sdam/server.js 13:18-38
 @ ./node_modules/mongodb/lib/sdam/topology.js 15:17-36
 @ ./node_modules/mongodb/lib/operations/connect.js 7:19-46
 @ ./node_modules/mongodb/lib/mongo_client.js 10:18-49
 @ ./node_modules/mongodb/lib/index.js 22:23-48 100:21-46
 @ ./utils/src/db/MONGODB.js 3:0-38 9:23-42
 @ ./utils/index.js 7:0-36 7:0-36
 @ ./api/CloudFlareWorker.js 1:0-61 12:20-26 14:30-36 20:15-17 22:15-19

[1m[31mERROR[39m[22m in [1m./node_modules/mongodb/lib/cmap/auth/mongodb_aws.js[39m[22m [1m[32m6:12-26[39m[22m
[1mModule [1m[31mnot found[39m[22m[1m: [1m[31mError[39m[22m[1m: Can't resolve 'url' in 'C:\Users\PCUSER\Documents\Code works\Wexagonal\node_modules\mongodb\lib\cmap\auth'

[1m[31mBREAKING CHANGE[39m[22m[1m: webpack < 5 used to include polyfills for node.js core modules by default.
This is no longer the case. Verify if you need this module and configure a polyfill for it.

If you want to include a polyfill, you need to:
	- add a fallback 'resolve.fallback: { "url": require.resolve("url/") }'
	- install 'url'
If you don't want to include a polyfill, you can use an empty module like this:
	resolve.fallback: { "url": false }[39m[22m
 @ ./node_modules/mongodb/lib/cmap/connect.js 14:22-51
 @ ./node_modules/mongodb/lib/sdam/monitor.js 5:18-44
 @ ./node_modules/mongodb/lib/sdam/server.js 13:18-38
 @ ./node_modules/mongodb/lib/sdam/topology.js 15:17-36
 @ ./node_modules/mongodb/lib/operations/connect.js 7:19-46
 @ ./node_modules/mongodb/lib/mongo_client.js 10:18-49
 @ ./node_modules/mongodb/lib/index.js 22:23-48 100:21-46
 @ ./utils/src/db/MONGODB.js 3:0-38 9:23-42
 @ ./utils/index.js 7:0-36 7:0-36
 @ ./api/CloudFlareWorker.js 1:0-61 12:20-26 14:30-36 20:15-17 22:15-19

[1m[31mERROR[39m[22m in [1m./node_modules/mongodb/lib/cmap/auth/scram.js[39m[22m [1m[32m4:15-32[39m[22m
[1mModule [1m[31mnot found[39m[22m[1m: [1m[31mError[39m[22m[1m: Can't resolve 'crypto' in 'C:\Users\PCUSER\Documents\Code works\Wexagonal\node_modules\mongodb\lib\cmap\auth'

[1m[31mBREAKING CHANGE[39m[22m[1m: webpack < 5 used to include polyfills for node.js core modules by default.
This is no longer the case. Verify if you need this module and configure a polyfill for it.

If you want to include a polyfill, you need to:
	- add a fallback 'resolve.fallback: { "crypto": require.resolve("crypto-browserify") }'
	- install 'crypto-browserify'
If you don't want to include a polyfill, you can use an empty module like this:
	resolve.fallback: { "crypto": false }[39m[22m
 @ ./node_modules/mongodb/lib/cmap/connect.js 17:16-39
 @ ./node_modules/mongodb/lib/sdam/monitor.js 5:18-44
 @ ./node_modules/mongodb/lib/sdam/server.js 13:18-38
 @ ./node_modules/mongodb/lib/sdam/topology.js 15:17-36
 @ ./node_modules/mongodb/lib/operations/connect.js 7:19-46
 @ ./node_modules/mongodb/lib/mongo_client.js 10:18-49
 @ ./node_modules/mongodb/lib/index.js 22:23-48 100:21-46
 @ ./utils/src/db/MONGODB.js 3:0-38 9:23-42
 @ ./utils/index.js 7:0-36 7:0-36
 @ ./api/CloudFlareWorker.js 1:0-61 12:20-26 14:30-36 20:15-17 22:15-19

[1m[31mERROR[39m[22m in [1m./node_modules/mongodb/lib/cmap/connect.js[39m[22m [1m[32m4:12-26[39m[22m
[1mModule [1m[31mnot found[39m[22m[1m: [1m[31mError[39m[22m[1m: Can't resolve 'net' in 'C:\Users\PCUSER\Documents\Code works\Wexagonal\node_modules\mongodb\lib\cmap'[39m[22m
 @ ./node_modules/mongodb/lib/sdam/monitor.js 5:18-44
 @ ./node_modules/mongodb/lib/sdam/server.js 13:18-38
 @ ./node_modules/mongodb/lib/sdam/topology.js 15:17-36
 @ ./node_modules/mongodb/lib/operations/connect.js 7:19-46
 @ ./node_modules/mongodb/lib/mongo_client.js 10:18-49
 @ ./node_modules/mongodb/lib/index.js 22:23-48 100:21-46
 @ ./utils/src/db/MONGODB.js 3:0-38 9:23-42
 @ ./utils/index.js 7:0-36 7:0-36
 @ ./api/CloudFlareWorker.js 1:0-61 12:20-26 14:30-36 20:15-17 22:15-19

[1m[31mERROR[39m[22m in [1m./node_modules/mongodb/lib/cmap/connect.js[39m[22m [1m[32m6:12-26[39m[22m
[1mModule [1m[31mnot found[39m[22m[1m: [1m[31mError[39m[22m[1m: Can't resolve 'tls' in 'C:\Users\PCUSER\Documents\Code works\Wexagonal\node_modules\mongodb\lib\cmap'[39m[22m
 @ ./node_modules/mongodb/lib/sdam/monitor.js 5:18-44
 @ ./node_modules/mongodb/lib/sdam/server.js 13:18-38
 @ ./node_modules/mongodb/lib/sdam/topology.js 15:17-36
 @ ./node_modules/mongodb/lib/operations/connect.js 7:19-46
 @ ./node_modules/mongodb/lib/mongo_client.js 10:18-49
 @ ./node_modules/mongodb/lib/index.js 22:23-48 100:21-46
 @ ./utils/src/db/MONGODB.js 3:0-38 9:23-42
 @ ./utils/index.js 7:0-36 7:0-36
 @ ./api/CloudFlareWorker.js 1:0-61 12:20-26 14:30-36 20:15-17 22:15-19

[1m[31mERROR[39m[22m in [1m./node_modules/mongodb/lib/cmap/message_stream.js[39m[22m [1m[32m4:17-34[39m[22m
[1mModule [1m[31mnot found[39m[22m[1m: [1m[31mError[39m[22m[1m: Can't resolve 'stream' in 'C:\Users\PCUSER\Documents\Code works\Wexagonal\node_modules\mongodb\lib\cmap'

[1m[31mBREAKING CHANGE[39m[22m[1m: webpack < 5 used to include polyfills for node.js core modules by default.
This is no longer the case. Verify if you need this module and configure a polyfill for it.

If you want to include a polyfill, you need to:
	- add a fallback 'resolve.fallback: { "stream": require.resolve("stream-browserify") }'
	- install 'stream-browserify'
If you don't want to include a polyfill, you can use an empty module like this:
	resolve.fallback: { "stream": false }[39m[22m
 @ ./node_modules/mongodb/lib/cmap/connection.js 13:25-52
 @ ./node_modules/mongodb/lib/sdam/server.js 4:21-50
 @ ./node_modules/mongodb/lib/sdam/topology.js 15:17-36
 @ ./node_modules/mongodb/lib/operations/connect.js 7:19-46
 @ ./node_modules/mongodb/lib/mongo_client.js 10:18-49
 @ ./node_modules/mongodb/lib/index.js 22:23-48 100:21-46
 @ ./utils/src/db/MONGODB.js 3:0-38 9:23-42
 @ ./utils/index.js 7:0-36 7:0-36
 @ ./api/CloudFlareWorker.js 1:0-61 12:20-26 14:30-36 20:15-17 22:15-19

[1m[31mERROR[39m[22m in [1m./node_modules/mongodb/lib/cmap/wire_protocol/compression.js[39m[22m [1m[32m4:13-28[39m[22m
[1mModule [1m[31mnot found[39m[22m[1m: [1m[31mError[39m[22m[1m: Can't resolve 'zlib' in 'C:\Users\PCUSER\Documents\Code works\Wexagonal\node_modules\mongodb\lib\cmap\wire_protocol'

[1m[31mBREAKING CHANGE[39m[22m[1m: webpack < 5 used to include polyfills for node.js core modules by default.
This is no longer the case. Verify if you need this module and configure a polyfill for it.

If you want to include a polyfill, you need to:
	- add a fallback 'resolve.fallback: { "zlib": require.resolve("browserify-zlib") }'
	- install 'browserify-zlib'
If you don't want to include a polyfill, you can use an empty module like this:
	resolve.fallback: { "zlib": false }[39m[22m
 @ ./node_modules/mongodb/lib/index.js 90:20-63
 @ ./utils/src/db/MONGODB.js 3:0-38 9:23-42
 @ ./utils/index.js 7:0-36 7:0-36
 @ ./api/CloudFlareWorker.js 1:0-61 12:20-26 14:30-36 20:15-17 22:15-19

[1m[31mERROR[39m[22m in [1m./node_modules/mongodb/lib/connection_string.js[39m[22m [1m[32m4:12-26[39m[22m
[1mModule [1m[31mnot found[39m[22m[1m: [1m[31mError[39m[22m[1m: Can't resolve 'dns' in 'C:\Users\PCUSER\Documents\Code works\Wexagonal\node_modules\mongodb\lib'[39m[22m
 @ ./node_modules/mongodb/lib/mongo_client.js 6:28-58
 @ ./node_modules/mongodb/lib/index.js 22:23-48 100:21-46
 @ ./utils/src/db/MONGODB.js 3:0-38 9:23-42
 @ ./utils/index.js 7:0-36 7:0-36
 @ ./api/CloudFlareWorker.js 1:0-61 12:20-26 14:30-36 20:15-17 22:15-19

[1m[31mERROR[39m[22m in [1m./node_modules/mongodb/lib/connection_string.js[39m[22m [1m[32m5:11-24[39m[22m
[1mModule [1m[31mnot found[39m[22m[1m: [1m[31mError[39m[22m[1m: Can't resolve 'fs' in 'C:\Users\PCUSER\Documents\Code works\Wexagonal\node_modules\mongodb\lib'[39m[22m
 @ ./node_modules/mongodb/lib/mongo_client.js 6:28-58
 @ ./node_modules/mongodb/lib/index.js 22:23-48 100:21-46
 @ ./utils/src/db/MONGODB.js 3:0-38 9:23-42
 @ ./utils/index.js 7:0-36 7:0-36
 @ ./api/CloudFlareWorker.js 1:0-61 12:20-26 14:30-36 20:15-17 22:15-19

[1m[31mERROR[39m[22m in [1m./node_modules/mongodb/lib/connection_string.js[39m[22m [1m[32m7:14-28[39m[22m
[1mModule [1m[31mnot found[39m[22m[1m: [1m[31mError[39m[22m[1m: Can't resolve 'url' in 'C:\Users\PCUSER\Documents\Code works\Wexagonal\node_modules\mongodb\lib'

[1m[31mBREAKING CHANGE[39m[22m[1m: webpack < 5 used to include polyfills for node.js core modules by default.
This is no longer the case. Verify if you need this module and configure a polyfill for it.

If you want to include a polyfill, you need to:
	- add a fallback 'resolve.fallback: { "url": require.resolve("url/") }'
	- install 'url'
If you don't want to include a polyfill, you can use an empty module like this:
	resolve.fallback: { "url": false }[39m[22m
 @ ./node_modules/mongodb/lib/mongo_client.js 6:28-58
 @ ./node_modules/mongodb/lib/index.js 22:23-48 100:21-46
 @ ./utils/src/db/MONGODB.js 3:0-38 9:23-42
 @ ./utils/index.js 7:0-36 7:0-36
 @ ./api/CloudFlareWorker.js 1:0-61 12:20-26 14:30-36 20:15-17 22:15-19

[1m[31mERROR[39m[22m in [1m./node_modules/mongodb/lib/cursor/abstract_cursor.js[39m[22m [1m[32m4:17-34[39m[22m
[1mModule [1m[31mnot found[39m[22m[1m: [1m[31mError[39m[22m[1m: Can't resolve 'stream' in 'C:\Users\PCUSER\Documents\Code works\Wexagonal\node_modules\mongodb\lib\cursor'

[1m[31mBREAKING CHANGE[39m[22m[1m: webpack < 5 used to include polyfills for node.js core modules by default.
This is no longer the case. Verify if you need this module and configure a polyfill for it.

If you want to include a polyfill, you need to:
	- add a fallback 'resolve.fallback: { "stream": require.resolve("stream-browserify") }'
	- install 'stream-browserify'
If you don't want to include a polyfill, you can use an empty module like this:
	resolve.fallback: { "stream": false }[39m[22m
 @ ./node_modules/mongodb/lib/index.js 10:26-61 92:24-59
 @ ./utils/src/db/MONGODB.js 3:0-38 9:23-42
 @ ./utils/index.js 7:0-36 7:0-36
 @ ./api/CloudFlareWorker.js 1:0-61 12:20-26 14:30-36 20:15-17 22:15-19

[1m[31mERROR[39m[22m in [1m./node_modules/mongodb/lib/gridfs/download.js[39m[22m [1m[32m4:17-34[39m[22m
[1mModule [1m[31mnot found[39m[22m[1m: [1m[31mError[39m[22m[1m: Can't resolve 'stream' in 'C:\Users\PCUSER\Documents\Code works\Wexagonal\node_modules\mongodb\lib\gridfs'

[1m[31mBREAKING CHANGE[39m[22m[1m: webpack < 5 used to include polyfills for node.js core modules by default.
This is no longer the case. Verify if you need this module and configure a polyfill for it.

If you want to include a polyfill, you need to:
	- add a fallback 'resolve.fallback: { "stream": require.resolve("stream-browserify") }'
	- install 'stream-browserify'
If you don't want to include a polyfill, you can use an empty module like this:
	resolve.fallback: { "stream": false }[39m[22m
 @ ./node_modules/mongodb/lib/gridfs/index.js 8:19-40
 @ ./node_modules/mongodb/lib/index.js 18:17-36
 @ ./utils/src/db/MONGODB.js 3:0-38 9:23-42
 @ ./utils/index.js 7:0-36 7:0-36
 @ ./api/CloudFlareWorker.js 1:0-61 12:20-26 14:30-36 20:15-17 22:15-19

[1m[31mERROR[39m[22m in [1m./node_modules/mongodb/lib/gridfs/upload.js[39m[22m [1m[32m4:17-34[39m[22m
[1mModule [1m[31mnot found[39m[22m[1m: [1m[31mError[39m[22m[1m: Can't resolve 'stream' in 'C:\Users\PCUSER\Documents\Code works\Wexagonal\node_modules\mongodb\lib\gridfs'

[1m[31mBREAKING CHANGE[39m[22m[1m: webpack < 5 used to include polyfills for node.js core modules by default.
This is no longer the case. Verify if you need this module and configure a polyfill for it.

If you want to include a polyfill, you need to:
	- add a fallback 'resolve.fallback: { "stream": require.resolve("stream-browserify") }'
	- install 'stream-browserify'
If you don't want to include a polyfill, you can use an empty module like this:
	resolve.fallback: { "stream": false }[39m[22m
 @ ./node_modules/mongodb/lib/gridfs/index.js 9:17-36
 @ ./node_modules/mongodb/lib/index.js 18:17-36
 @ ./utils/src/db/MONGODB.js 3:0-38 9:23-42
 @ ./utils/index.js 7:0-36 7:0-36
 @ ./api/CloudFlareWorker.js 1:0-61 12:20-26 14:30-36 20:15-17 22:15-19

[1m[31mERROR[39m[22m in [1m./node_modules/mongodb/lib/logger.js[39m[22m [1m[32m4:15-30[39m[22m
[1mModule [1m[31mnot found[39m[22m[1m: [1m[31mError[39m[22m[1m: Can't resolve 'util' in 'C:\Users\PCUSER\Documents\Code works\Wexagonal\node_modules\mongodb\lib'

[1m[31mBREAKING CHANGE[39m[22m[1m: webpack < 5 used to include polyfills for node.js core modules by default.
This is no longer the case. Verify if you need this module and configure a polyfill for it.

If you want to include a polyfill, you need to:
	- add a fallback 'resolve.fallback: { "util": require.resolve("util/") }'
	- install 'util'
If you don't want to include a polyfill, you can use an empty module like this:
	resolve.fallback: { "util": false }[39m[22m
 @ ./node_modules/mongodb/lib/index.js 20:17-36 98:15-34
 @ ./utils/src/db/MONGODB.js 3:0-38 9:23-42
 @ ./utils/index.js 7:0-36 7:0-36
 @ ./api/CloudFlareWorker.js 1:0-61 12:20-26 14:30-36 20:15-17 22:15-19

[1m[31mERROR[39m[22m in [1m./node_modules/mongodb/lib/operations/add_user.js[39m[22m [1m[32m4:15-32[39m[22m
[1mModule [1m[31mnot found[39m[22m[1m: [1m[31mError[39m[22m[1m: Can't resolve 'crypto' in 'C:\Users\PCUSER\Documents\Code works\Wexagonal\node_modules\mongodb\lib\operations'

[1m[31mBREAKING CHANGE[39m[22m[1m: webpack < 5 used to include polyfills for node.js core modules by default.
This is no longer the case. Verify if you need this module and configure a polyfill for it.

If you want to include a polyfill, you need to:
	- add a fallback 'resolve.fallback: { "crypto": require.resolve("crypto-browserify") }'
	- install 'crypto-browserify'
If you don't want to include a polyfill, you can use an empty module like this:
	resolve.fallback: { "crypto": false }[39m[22m
 @ ./node_modules/mongodb/lib/admin.js 4:19-51
 @ ./node_modules/mongodb/lib/index.js 5:16-34
 @ ./utils/src/db/MONGODB.js 3:0-38 9:23-42
 @ ./utils/index.js 7:0-36 7:0-36
 @ ./api/CloudFlareWorker.js 1:0-61 12:20-26 14:30-36 20:15-17 22:15-19

[1m[31mERROR[39m[22m in [1m./node_modules/mongodb/lib/sdam/srv_polling.js[39m[22m [1m[32m4:12-26[39m[22m
[1mModule [1m[31mnot found[39m[22m[1m: [1m[31mError[39m[22m[1m: Can't resolve 'dns' in 'C:\Users\PCUSER\Documents\Code works\Wexagonal\node_modules\mongodb\lib\sdam'[39m[22m
 @ ./node_modules/mongodb/lib/index.js 149:20-49
 @ ./utils/src/db/MONGODB.js 3:0-38 9:23-42
 @ ./utils/index.js 7:0-36 7:0-36
 @ ./api/CloudFlareWorker.js 1:0-61 12:20-26 14:30-36 20:15-17 22:15-19

[1m[31mERROR[39m[22m in [1m./node_modules/mongodb/lib/utils.js[39m[22m [1m[32m5:15-32[39m[22m
[1mModule [1m[31mnot found[39m[22m[1m: [1m[31mError[39m[22m[1m: Can't resolve 'crypto' in 'C:\Users\PCUSER\Documents\Code works\Wexagonal\node_modules\mongodb\lib'

[1m[31mBREAKING CHANGE[39m[22m[1m: webpack < 5 used to include polyfills for node.js core modules by default.
This is no longer the case. Verify if you need this module and configure a polyfill for it.

If you want to include a polyfill, you need to:
	- add a fallback 'resolve.fallback: { "crypto": require.resolve("crypto-browserify") }'
	- install 'crypto-browserify'
If you don't want to include a polyfill, you can use an empty module like this:
	resolve.fallback: { "crypto": false }[39m[22m
 @ ./node_modules/mongodb/lib/admin.js 10:16-34
 @ ./node_modules/mongodb/lib/index.js 5:16-34
 @ ./utils/src/db/MONGODB.js 3:0-38 9:23-42
 @ ./utils/index.js 7:0-36 7:0-36
 @ ./api/CloudFlareWorker.js 1:0-61 12:20-26 14:30-36 20:15-17 22:15-19

[1m[31mERROR[39m[22m in [1m./node_modules/mongodb/lib/utils.js[39m[22m [1m[32m6:11-24[39m[22m
[1mModule [1m[31mnot found[39m[22m[1m: [1m[31mError[39m[22m[1m: Can't resolve 'os' in 'C:\Users\PCUSER\Documents\Code works\Wexagonal\node_modules\mongodb\lib'

[1m[31mBREAKING CHANGE[39m[22m[1m: webpack < 5 used to include polyfills for node.js core modules by default.
This is no longer the case. Verify if you need this module and configure a polyfill for it.

If you want to include a polyfill, you need to:
	- add a fallback 'resolve.fallback: { "os": require.resolve("os-browserify/browser") }'
	- install 'os-browserify'
If you don't want to include a polyfill, you can use an empty module like this:
	resolve.fallback: { "os": false }[39m[22m
 @ ./node_modules/mongodb/lib/admin.js 10:16-34
 @ ./node_modules/mongodb/lib/index.js 5:16-34
 @ ./utils/src/db/MONGODB.js 3:0-38 9:23-42
 @ ./utils/index.js 7:0-36 7:0-36
 @ ./api/CloudFlareWorker.js 1:0-61 12:20-26 14:30-36 20:15-17 22:15-19

[1m[31mERROR[39m[22m in [1m./node_modules/mongodb/lib/utils.js[39m[22m [1m[32m7:14-28[39m[22m
[1mModule [1m[31mnot found[39m[22m[1m: [1m[31mError[39m[22m[1m: Can't resolve 'url' in 'C:\Users\PCUSER\Documents\Code works\Wexagonal\node_modules\mongodb\lib'

[1m[31mBREAKING CHANGE[39m[22m[1m: webpack < 5 used to include polyfills for node.js core modules by default.
This is no longer the case. Verify if you need this module and configure a polyfill for it.

If you want to include a polyfill, you need to:
	- add a fallback 'resolve.fallback: { "url": require.resolve("url/") }'
	- install 'url'
If you don't want to include a polyfill, you can use an empty module like this:
	resolve.fallback: { "url": false }[39m[22m
 @ ./node_modules/mongodb/lib/admin.js 10:16-34
 @ ./node_modules/mongodb/lib/index.js 5:16-34
 @ ./utils/src/db/MONGODB.js 3:0-38 9:23-42
 @ ./utils/index.js 7:0-36 7:0-36
 @ ./api/CloudFlareWorker.js 1:0-61 12:20-26 14:30-36 20:15-17 22:15-19

[1m[31mERROR[39m[22m in [1m./node_modules/saslprep/lib/memory-code-points.js[39m[22m [1m[32m3:11-24[39m[22m
[1mModule [1m[31mnot found[39m[22m[1m: [1m[31mError[39m[22m[1m: Can't resolve 'fs' in 'C:\Users\PCUSER\Documents\Code works\Wexagonal\node_modules\saslprep\lib'[39m[22m
 @ ./node_modules/saslprep/index.js 10:4-39
 @ ./node_modules/mongodb/lib/deps.js 41:4-42
 @ ./node_modules/mongodb/lib/index.js 94:13-30
 @ ./utils/src/db/MONGODB.js 3:0-38 9:23-42
 @ ./utils/index.js 7:0-36 7:0-36
 @ ./api/CloudFlareWorker.js 1:0-61 12:20-26 14:30-36 20:15-17 22:15-19

[1m[31mERROR[39m[22m in [1m./node_modules/saslprep/lib/memory-code-points.js[39m[22m [1m[32m4:13-28[39m[22m
[1mModule [1m[31mnot found[39m[22m[1m: [1m[31mError[39m[22m[1m: Can't resolve 'path' in 'C:\Users\PCUSER\Documents\Code works\Wexagonal\node_modules\saslprep\lib'

[1m[31mBREAKING CHANGE[39m[22m[1m: webpack < 5 used to include polyfills for node.js core modules by default.
This is no longer the case. Verify if you need this module and configure a polyfill for it.

If you want to include a polyfill, you need to:
	- add a fallback 'resolve.fallback: { "path": require.resolve("path-browserify") }'
	- install 'path-browserify'
If you don't want to include a polyfill, you can use an empty module like this:
	resolve.fallback: { "path": false }[39m[22m
 @ ./node_modules/saslprep/index.js 10:4-39
 @ ./node_modules/mongodb/lib/deps.js 41:4-42
 @ ./node_modules/mongodb/lib/index.js 94:13-30
 @ ./utils/src/db/MONGODB.js 3:0-38 9:23-42
 @ ./utils/index.js 7:0-36 7:0-36
 @ ./api/CloudFlareWorker.js 1:0-61 12:20-26 14:30-36 20:15-17 22:15-19

[1m[31mERROR[39m[22m in [1m./node_modules/socks/build/client/socksclient.js[39m[22m [1m[32m14:12-26[39m[22m
[1mModule [1m[31mnot found[39m[22m[1m: [1m[31mError[39m[22m[1m: Can't resolve 'net' in 'C:\Users\PCUSER\Documents\Code works\Wexagonal\node_modules\socks\build\client'[39m[22m
 @ ./node_modules/socks/build/index.js 13:13-44
 @ ./node_modules/mongodb/lib/cmap/connect.js 5:16-32
 @ ./node_modules/mongodb/lib/sdam/monitor.js 5:18-44
 @ ./node_modules/mongodb/lib/sdam/server.js 13:18-38
 @ ./node_modules/mongodb/lib/sdam/topology.js 15:17-36
 @ ./node_modules/mongodb/lib/operations/connect.js 7:19-46
 @ ./node_modules/mongodb/lib/mongo_client.js 10:18-49
 @ ./node_modules/mongodb/lib/index.js 22:23-48 100:21-46
 @ ./utils/src/db/MONGODB.js 3:0-38 9:23-42
 @ ./utils/index.js 7:0-36 7:0-36
 @ ./api/CloudFlareWorker.js 1:0-61 12:20-26 14:30-36 20:15-17 22:15-19

[1m[31mERROR[39m[22m in [1m./node_modules/socks/build/common/helpers.js[39m[22m [1m[32m6:15-32[39m[22m
[1mModule [1m[31mnot found[39m[22m[1m: [1m[31mError[39m[22m[1m: Can't resolve 'stream' in 'C:\Users\PCUSER\Documents\Code works\Wexagonal\node_modules\socks\build\common'

[1m[31mBREAKING CHANGE[39m[22m[1m: webpack < 5 used to include polyfills for node.js core modules by default.
This is no longer the case. Verify if you need this module and configure a polyfill for it.

If you want to include a polyfill, you need to:
	- add a fallback 'resolve.fallback: { "stream": require.resolve("stream-browserify") }'
	- install 'stream-browserify'
If you don't want to include a polyfill, you can use an empty module like this:
	resolve.fallback: { "stream": false }[39m[22m
 @ ./node_modules/socks/build/client/socksclient.js 18:18-46
 @ ./node_modules/socks/build/index.js 13:13-44
 @ ./node_modules/mongodb/lib/cmap/connect.js 5:16-32
 @ ./node_modules/mongodb/lib/sdam/monitor.js 5:18-44
 @ ./node_modules/mongodb/lib/sdam/server.js 13:18-38
 @ ./node_modules/mongodb/lib/sdam/topology.js 15:17-36
 @ ./node_modules/mongodb/lib/operations/connect.js 7:19-46
 @ ./node_modules/mongodb/lib/mongo_client.js 10:18-49
 @ ./node_modules/mongodb/lib/index.js 22:23-48 100:21-46
 @ ./utils/src/db/MONGODB.js 3:0-38 9:23-42
 @ ./utils/index.js 7:0-36 7:0-36
 @ ./api/CloudFlareWorker.js 1:0-61 12:20-26 14:30-36 20:15-17 22:15-19

[1m[33m27 errors have detailed information that is not shown.
Use 'stats.errorDetails: true' resp. '--stats-error-details' to show it.[39m[22m

webpack 5.69.1 compiled with [1m[31m27 errors[39m[22m and [1m[33m8 warnings[39m[22m in 1554 ms
